[20:31:55] [main/INFO]: Setting user: Player123
[20:31:57] [Client thread/INFO]: LWJGL Version: 2.9.1
[20:32:03] [Client thread/INFO]: Reloading ResourceManager: Default, FMLFileResourcePack:Forge Mod Loader, FMLFileResourcePack:Minecraft Forge, FMLFileResourcePack:GUI Ores
[20:32:04] [Sound Library Loader/INFO]: Sound engine started
[20:32:06] [Client thread/INFO]: Created: 512x256 textures/blocks-atlas
[20:32:07] [Client thread/INFO]: Created: 256x256 textures/items-atlas
[20:32:07] [Client thread/INFO]: Reloading ResourceManager: Default, FMLFileResourcePack:Forge Mod Loader, FMLFileResourcePack:Minecraft Forge, FMLFileResourcePack:GUI Ores
[20:32:07] [Client thread/INFO]: Created: 256x256 textures/items-atlas
[20:32:07] [Client thread/INFO]: Created: 512x256 textures/blocks-atlas
[20:32:08] [Sound Library Loader/INFO]: Sound engine started
[20:33:15] [Server thread/INFO]: Starting integrated minecraft server version 1.7.10
[20:33:15] [Server thread/INFO]: Generating keypair
[20:33:15] [Server thread/INFO]: Preparing start region for level 0
[20:33:17] [Server thread/INFO]: Changing view distance to 12, from 10
[20:33:17] [Server thread/INFO]: Player123[local:E:9ab25665] logged in with entity id 202 at (644.5, 4.0, 1127.5)
[20:33:17] [Server thread/INFO]: Player123 joined the game
[20:33:19] [Server thread/INFO]: Saving and pausing game...
[20:33:19] [Server thread/INFO]: Saving chunks for level 'New World'/Overworld
[20:33:19] [Server thread/INFO]: Saving chunks for level 'New World'/Nether
[20:33:19] [Server thread/INFO]: Saving chunks for level 'New World'/The End
[20:33:22] [Server thread/INFO]: Player123 has just earned the achievement [Taking Inventory]
[20:33:22] [Client thread/INFO]: [CHAT] Player123 has just earned the achievement [Taking Inventory]
[20:35:06] [Server thread/INFO]: Saving and pausing game...
[20:35:06] [Server thread/INFO]: Saving chunks for level 'New World'/Overworld
[20:35:06] [Server thread/INFO]: Saving chunks for level 'New World'/Nether
[20:35:06] [Server thread/INFO]: Saving chunks for level 'New World'/The End
[20:38:53] [Server thread/INFO]: Saving and pausing game...
[20:38:53] [Server thread/INFO]: Saving chunks for level 'New World'/Overworld
[20:38:53] [Server thread/INFO]: Saving chunks for level 'New World'/Nether
[20:38:53] [Server thread/INFO]: Saving chunks for level 'New World'/The End
[20:38:54] [Server thread/INFO]: Stopping server
[20:38:54] [Server thread/INFO]: Saving players
[20:38:54] [Server thread/INFO]: Saving worlds
[20:38:54] [Server thread/INFO]: Saving chunks for level 'New World'/Overworld
[20:38:54] [Server thread/INFO]: Saving chunks for level 'New World'/Nether
[20:38:54] [Server thread/INFO]: Saving chunks for level 'New World'/The End
[20:39:24] [Client thread/INFO]: Stopping!
